07-10-21 08:55:08 line nro: 10 err: Verification time expired, try again
07-10-21 08:55:13 line nro: 10 err: Verification time expired, try again
07-10-21 08:55:28 line nro: 10 err: Verification time expired, try again
07-10-21 11:29:26 line nro: 10 err: Verification time expired, try again
07-10-21 11:35:15 line nro: 10 err: Verification time expired, try again
07-10-21 11:35:28 line nro: 10 err: Verification time expired, try again
07-10-21 11:35:45 line nro: 10 err: Verification time expired, try again
07-10-21 11:41:21 line nro: 10 err: Verification time expired, try again
07-10-21 11:41:48 line nro: 10 err: Verification time expired, try again
07-10-21 11:42:11 line nro: 10 err: Verification time expired, try again
07-10-21 11:45:00 line nro: 10 err: Verification time expired, try again
07-10-21 11:46:07 line nro: 10 err: Verification time expired, try again
07-10-21 12:34:26 line nro: 10 err: Verification time expired, try again
07-10-21 12:34:38 line nro: 10 err: Verification time expired, try again
07-10-21 12:34:50 line nro: 10 err: Verification time expired, try again
07-10-21 12:35:09 line nro: 10 err: Verification time expired, try again
07-10-21 12:42:19 line nro: 10 err: Verification time expired, try again
07-10-21 16:26:54 line nro: 10 err: Please enter a valid email.
07-10-21 16:26:54 line nro: 10 err: Please confirm password.
07-10-21 18:16:15 line nro: 10 err: Please enter a valid email.
07-10-21 18:16:15 line nro: 10 err: Please confirm password.
07-10-21 18:18:05 line nro: 10 err: First name can include only letters.
07-10-21 18:18:05 line nro: 10 err: Last name can include only letters.
07-10-21 18:18:05 line nro: 10 err: Please enter a valid email.
07-10-21 18:18:05 line nro: 10 err: Username can only contain letters, numbers, and underscores.
07-10-21 18:18:05 line nro: 10 err: Password must have atleast 6 characters.
07-10-21 18:25:02 line nro: 10 err: First name can include only letters.
07-10-21 18:25:02 line nro: 10 err: Last name can include only letters.
07-10-21 18:25:02 line nro: 10 err: Please enter a valid email.
07-10-21 18:25:02 line nro: 10 err: Username can only contain letters, numbers, and underscores.
07-10-21 18:25:02 line nro: 10 err: Password must have atleast 6 characters.
07-10-21 18:25:15 line nro: 10 err: First name can include only letters.
07-10-21 18:25:15 line nro: 10 err: Last name can include only letters.
07-10-21 18:25:15 line nro: 10 err: Please enter a valid email.
07-10-21 18:25:15 line nro: 10 err: Username can only contain letters, numbers, and underscores.
07-10-21 18:25:15 line nro: 10 err: Password must have atleast 6 characters.
07-10-21 18:25:24 line nro: 10 err: First name can include only letters.
07-10-21 18:25:24 line nro: 10 err: Last name can include only letters.
07-10-21 18:25:24 line nro: 10 err: Please enter a valid email.
07-10-21 18:25:24 line nro: 10 err: Username can only contain letters, numbers, and underscores.
07-10-21 18:25:24 line nro: 10 err: Password must have atleast 6 characters.
07-10-21 18:25:32 line nro: 10 err: First name can include only letters.
07-10-21 18:25:32 line nro: 10 err: Last name can include only letters.
07-10-21 18:25:32 line nro: 10 err: Please enter a valid email.
07-10-21 18:25:32 line nro: 10 err: Username can only contain letters, numbers, and underscores.
07-10-21 18:25:32 line nro: 10 err: Password must have atleast 6 characters.
07-10-21 18:33:44 line nro: 10 err: First name can include only letters.
07-10-21 18:33:44 line nro: 10 err: Last name can include only letters.
07-10-21 18:33:44 line nro: 10 err: Please enter a valid email.
07-10-21 18:33:44 line nro: 10 err: Password must have atleast 6 characters.
07-10-21 18:40:17 line nro: 10 err: First name can include only letters.
07-10-21 18:40:17 line nro: 10 err: Last name can include only letters.
07-10-21 18:40:17 line nro: 10 err: Please enter a valid email.
07-10-21 18:40:17 line nro: 10 err: Username length need to be between 5-10 chars.
07-10-21 18:40:17 line nro: 10 err: Password must have atleast 6 characters.
07-10-21 18:41:28 line nro: 10 err: First name can include only letters.
07-10-21 18:41:28 line nro: 10 err: Last name can include only letters.
07-10-21 18:41:28 line nro: 10 err: Please enter a valid email.
07-10-21 18:41:28 line nro: 10 err: Password must have atleast 6 characters.
07-10-21 18:41:45 line nro: 10 err: First name can include only letters.
07-10-21 18:41:45 line nro: 10 err: Last name can include only letters.
07-10-21 18:41:45 line nro: 10 err: Please enter a valid email.
07-10-21 18:41:45 line nro: 10 err: Please enter a password.
07-10-21 18:41:45 line nro: 10 err: Please confirm password.
07-10-21 18:42:14 line nro: 10 err: First name can include only letters.
07-10-21 18:42:14 line nro: 10 err: Last name can include only letters.
07-10-21 18:42:14 line nro: 10 err: Please enter a valid email.
07-10-21 18:42:14 line nro: 10 err: Please enter a password.
07-10-21 18:42:14 line nro: 10 err: Please confirm password.
07-10-21 18:42:30 line nro: 10 err: First name can include only letters.
07-10-21 18:42:30 line nro: 10 err: Last name can include only letters.
07-10-21 18:42:30 line nro: 10 err: Please enter a valid email.
07-10-21 18:42:30 line nro: 10 err: Please enter a password.
07-10-21 18:42:30 line nro: 10 err: Please confirm password.
07-10-21 18:42:33 line nro: 10 err: First name can include only letters.
07-10-21 18:42:33 line nro: 10 err: Last name can include only letters.
07-10-21 18:42:33 line nro: 10 err: Please enter a valid email.
07-10-21 18:42:33 line nro: 10 err: Please enter a password.
07-10-21 18:42:33 line nro: 10 err: Please confirm password.
07-10-21 18:42:40 line nro: 10 err: First name can include only letters.
07-10-21 18:42:40 line nro: 10 err: Last name can include only letters.
07-10-21 18:42:40 line nro: 10 err: Please enter a valid email.
07-10-21 18:42:40 line nro: 10 err: Please enter a password.
07-10-21 18:42:40 line nro: 10 err: Please confirm password.
07-10-21 18:42:45 line nro: 10 err: First name can include only letters.
07-10-21 18:42:45 line nro: 10 err: Last name can include only letters.
07-10-21 18:42:45 line nro: 10 err: Please enter a valid email.
07-10-21 18:42:45 line nro: 10 err: Please enter a password.
07-10-21 18:42:45 line nro: 10 err: Please confirm password.
07-10-21 18:42:51 line nro: 10 err: First name can include only letters.
07-10-21 18:42:51 line nro: 10 err: Last name can include only letters.
07-10-21 18:42:51 line nro: 10 err: Please enter a valid email.
07-10-21 18:42:51 line nro: 10 err: Please enter a password.
07-10-21 18:42:51 line nro: 10 err: Please confirm password.
07-10-21 18:42:58 line nro: 10 err: First name can include only letters.
07-10-21 18:42:58 line nro: 10 err: Last name can include only letters.
07-10-21 18:42:58 line nro: 10 err: Please enter a valid email.
07-10-21 18:42:58 line nro: 10 err: Please enter a password.
07-10-21 18:42:58 line nro: 10 err: Please confirm password.
07-10-21 18:43:22 line nro: 10 err: Please enter a first name
07-10-21 18:43:22 line nro: 10 err: Please enter a last name
07-10-21 18:43:22 line nro: 10 err: empty field
07-10-21 18:43:22 line nro: 10 err: Please enter a password.
07-10-21 18:43:22 line nro: 10 err: Please confirm password.
07-10-21 18:44:13 line nro: 10 err: Please enter a first name
07-10-21 18:44:13 line nro: 10 err: Please enter a last name
07-10-21 18:44:13 line nro: 10 err: empty field
07-10-21 18:44:13 line nro: 10 err: Username length need to be between 5-10 chars.
07-10-21 18:44:13 line nro: 10 err: Please enter a password.
07-10-21 18:44:13 line nro: 10 err: Please confirm password.
07-10-21 18:44:22 line nro: 10 err: Please enter a first name
07-10-21 18:44:22 line nro: 10 err: Please enter a last name
07-10-21 18:44:22 line nro: 10 err: empty field
07-10-21 18:44:22 line nro: 10 err: Please enter a password.
07-10-21 18:44:22 line nro: 10 err: Please confirm password.
07-10-21 18:44:31 line nro: 10 err: Please enter a first name
07-10-21 18:44:31 line nro: 10 err: Please enter a last name
07-10-21 18:44:31 line nro: 10 err: empty field
07-10-21 18:44:31 line nro: 10 err: Please enter a password.
07-10-21 18:44:31 line nro: 10 err: Please confirm password.
07-10-21 18:44:38 line nro: 10 err: Please enter a first name
07-10-21 18:44:38 line nro: 10 err: Please enter a last name
07-10-21 18:44:38 line nro: 10 err: empty field
07-10-21 18:44:38 line nro: 10 err: Username length need to be between 5-10 chars.
07-10-21 18:44:38 line nro: 10 err: Please enter a password.
07-10-21 18:44:38 line nro: 10 err: Please confirm password.
07-10-21 18:44:49 line nro: 10 err: Please enter a first name
07-10-21 18:44:49 line nro: 10 err: Please enter a last name
07-10-21 18:44:49 line nro: 10 err: empty field
07-10-21 18:44:49 line nro: 10 err: Username length need to be between 5-10 chars.
07-10-21 18:44:49 line nro: 10 err: Please enter a password.
07-10-21 18:44:49 line nro: 10 err: Please confirm password.
07-10-21 18:44:50 line nro: 10 err: Please enter a first name
07-10-21 18:44:50 line nro: 10 err: Please enter a last name
07-10-21 18:44:50 line nro: 10 err: empty field
07-10-21 18:44:50 line nro: 10 err: Username length need to be between 5-10 chars.
07-10-21 18:44:50 line nro: 10 err: Please enter a password.
07-10-21 18:44:50 line nro: 10 err: Please confirm password.
07-10-21 18:44:51 line nro: 10 err: Please enter a first name
07-10-21 18:44:51 line nro: 10 err: Please enter a last name
07-10-21 18:44:51 line nro: 10 err: empty field
07-10-21 18:44:51 line nro: 10 err: Username length need to be between 5-10 chars.
07-10-21 18:44:51 line nro: 10 err: Please enter a password.
07-10-21 18:44:51 line nro: 10 err: Please confirm password.
